# JRE version: OpenJDK Runtime Environment (8.0_76-b03) (build 1.8.0_76-release-b03)
# Java VM: OpenJDK 64-Bit Server VM (25.76-b03 mixed mode linux-amd64 compressed oops)
Heap:
 PSYoungGen      total 349696K, used 0K [0x00000000e0000000, 0x0000000100000000, 0x0000000100000000)
  eden space 175104K, 0% used [0x00000000e0000000,0x00000000e0000000,0x00000000eab00000)
  from space 174592K, 0% used [0x00000000eab00000,0x00000000eab00000,0x00000000f5580000)
  to   space 174592K, 0% used [0x00000000f5580000,0x00000000f5580000,0x0000000100000000)
 ParOldGen       total 381952K, used 361894K [0x00000000a0000000, 0x00000000b7500000, 0x00000000e0000000)
  object space 381952K, 94% used [0x00000000a0000000,0x00000000b6169930,0x00000000b7500000)
 Metaspace       used 68723K, capacity 70660K, committed 71040K, reserved 1112064K
  class space    used 8561K, capacity 9002K, committed 9088K, reserved 1048576K
GC Heap History (10 events):
Event: 180.970 GC heap after
Heap after GC invocations=72 (full 9):
 PSYoungGen      total 325120K, used 103556K [0x00000000e0000000, 0x0000000100000000, 0x0000000100000000)
  eden space 221184K, 0% used [0x00000000e0000000,0x00000000e0000000,0x00000000ed800000)
  from space 103936K, 99% used [0x00000000ed800000,0x00000000f3d21088,0x00000000f3d80000)
  to   space 157696K, 0% used [0x00000000f6600000,0x00000000f6600000,0x0000000100000000)
 ParOldGen       total 381952K, used 92424K [0x00000000a0000000, 0x00000000b7500000, 0x00000000e0000000)
  object space 381952K, 24% used [0x00000000a0000000,0x00000000a5a421f0,0x00000000b7500000)
 Metaspace       used 68721K, capacity 70660K, committed 71040K, reserved 1112064K
  class space    used 8561K, capacity 9002K, committed 9088K, reserved 1048576K
}
Event: 181.185 GC heap before
{Heap before GC invocations=73 (full 9):
 PSYoungGen      total 325120K, used 324740K [0x00000000e0000000, 0x0000000100000000, 0x0000000100000000)
  eden space 221184K, 100% used [0x00000000e0000000,0x00000000ed800000,0x00000000ed800000)
  from space 103936K, 99% used [0x00000000ed800000,0x00000000f3d21088,0x00000000f3d80000)
  to   space 157696K, 0% used [0x00000000f6600000,0x00000000f6600000,0x0000000100000000)
 ParOldGen       total 381952K, used 92424K [0x00000000a0000000, 0x00000000b7500000, 0x00000000e0000000)
  object space 381952K, 24% used [0x00000000a0000000,0x00000000a5a421f0,0x00000000b7500000)
 Metaspace       used 68721K, capacity 70660K, committed 71040K, reserved 1112064K
  class space    used 8561K, capacity 9002K, committed 9088K, reserved 1048576K
Event: 181.278 GC heap after
Heap after GC invocations=73 (full 9):
 PSYoungGen      total 332800K, used 157664K [0x00000000e0000000, 0x0000000100000000, 0x0000000100000000)
  eden space 175104K, 0% used [0x00000000e0000000,0x00000000e0000000,0x00000000eab00000)
  from space 157696K, 99% used [0x00000000f6600000,0x00000000ffff8170,0x0000000100000000)
  to   space 174592K, 0% used [0x00000000eab00000,0x00000000eab00000,0x00000000f5580000)
 ParOldGen       total 381952K, used 114585K [0x00000000a0000000, 0x00000000b7500000, 0x00000000e0000000)
  object space 381952K, 29% used [0x00000000a0000000,0x00000000a6fe6598,0x00000000b7500000)
 Metaspace       used 68721K, capacity 70660K, committed 71040K, reserved 1112064K
  class space    used 8561K, capacity 9002K, committed 9088K, reserved 1048576K
}
Event: 181.396 GC heap before
{Heap before GC invocations=74 (full 9):
 PSYoungGen      total 332800K, used 332768K [0x00000000e0000000, 0x0000000100000000, 0x0000000100000000)
  eden space 175104K, 100% used [0x00000000e0000000,0x00000000eab00000,0x00000000eab00000)
  from space 157696K, 99% used [0x00000000f6600000,0x00000000ffff8170,0x0000000100000000)
  to   space 174592K, 0% used [0x00000000eab00000,0x00000000eab00000,0x00000000f5580000)
 ParOldGen       total 381952K, used 114585K [0x00000000a0000000, 0x00000000b7500000, 0x00000000e0000000)
  object space 381952K, 29% used [0x00000000a0000000,0x00000000a6fe6598,0x00000000b7500000)
 Metaspace       used 68721K, capacity 70660K, committed 71040K, reserved 1112064K
  class space    used 8561K, capacity 9002K, committed 9088K, reserved 1048576K
Event: 181.483 GC heap after
Heap after GC invocations=74 (full 9):
 PSYoungGen      total 349696K, used 174565K [0x00000000e0000000, 0x0000000100000000, 0x0000000100000000)
  eden space 175104K, 0% used [0x00000000e0000000,0x00000000e0000000,0x00000000eab00000)
  from space 174592K, 99% used [0x00000000eab00000,0x00000000f55795b8,0x00000000f5580000)
  to   space 174592K, 0% used [0x00000000f5580000,0x00000000f5580000,0x0000000100000000)
 ParOldGen       total 381952K, used 151667K [0x00000000a0000000, 0x00000000b7500000, 0x00000000e0000000)
  object space 381952K, 39% used [0x00000000a0000000,0x00000000a941ced0,0x00000000b7500000)
 Metaspace       used 68721K, capacity 70660K, committed 71040K, reserved 1112064K
  class space    used 8561K, capacity 9002K, committed 9088K, reserved 1048576K
}
Event: 181.649 GC heap before
{Heap before GC invocations=75 (full 9):
 PSYoungGen      total 349696K, used 349669K [0x00000000e0000000, 0x0000000100000000, 0x0000000100000000)
  eden space 175104K, 100% used [0x00000000e0000000,0x00000000eab00000,0x00000000eab00000)
  from space 174592K, 99% used [0x00000000eab00000,0x00000000f55795b8,0x00000000f5580000)
  to   space 174592K, 0% used [0x00000000f5580000,0x00000000f5580000,0x0000000100000000)
 ParOldGen       total 381952K, used 151667K [0x00000000a0000000, 0x00000000b7500000, 0x00000000e0000000)
  object space 381952K, 39% used [0x00000000a0000000,0x00000000a941ced0,0x00000000b7500000)
 Metaspace       used 68721K, capacity 70660K, committed 71040K, reserved 1112064K
  class space    used 8561K, capacity 9002K, committed 9088K, reserved 1048576K
Event: 181.738 GC heap after
Heap after GC invocations=75 (full 9):
 PSYoungGen      total 349696K, used 93161K [0x00000000e0000000, 0x0000000100000000, 0x0000000100000000)
  eden space 175104K, 0% used [0x00000000e0000000,0x00000000e0000000,0x00000000eab00000)
  from space 174592K, 53% used [0x00000000f5580000,0x00000000fb07a410,0x0000000100000000)
  to   space 174592K, 0% used [0x00000000eab00000,0x00000000eab00000,0x00000000f5580000)
 ParOldGen       total 381952K, used 273576K [0x00000000a0000000, 0x00000000b7500000, 0x00000000e0000000)
  object space 381952K, 71% used [0x00000000a0000000,0x00000000b0b2a258,0x00000000b7500000)
 Metaspace       used 68721K, capacity 70660K, committed 71040K, reserved 1112064K
  class space    used 8561K, capacity 9002K, committed 9088K, reserved 1048576K
}
Event: 182.038 GC heap before
{Heap before GC invocations=76 (full 9):
 PSYoungGen      total 349696K, used 268265K [0x00000000e0000000, 0x0000000100000000, 0x0000000100000000)
  eden space 175104K, 100% used [0x00000000e0000000,0x00000000eab00000,0x00000000eab00000)
  from space 174592K, 53% used [0x00000000f5580000,0x00000000fb07a410,0x0000000100000000)
  to   space 174592K, 0% used [0x00000000eab00000,0x00000000eab00000,0x00000000f5580000)
 ParOldGen       total 381952K, used 273576K [0x00000000a0000000, 0x00000000b7500000, 0x00000000e0000000)
  object space 381952K, 71% used [0x00000000a0000000,0x00000000b0b2a258,0x00000000b7500000)
 Metaspace       used 68723K, capacity 70660K, committed 71040K, reserved 1112064K
  class space    used 8561K, capacity 9002K, committed 9088K, reserved 1048576K
Event: 182.105 GC heap after
Heap after GC invocations=76 (full 9):
 PSYoungGen      total 349696K, used 26621K [0x00000000e0000000, 0x0000000100000000, 0x0000000100000000)
  eden space 175104K, 0% used [0x00000000e0000000,0x00000000e0000000,0x00000000eab00000)
  from space 174592K, 15% used [0x00000000eab00000,0x00000000ec4ff5c8,0x00000000f5580000)
  to   space 174592K, 0% used [0x00000000f5580000,0x00000000f5580000,0x0000000100000000)
 ParOldGen       total 381952K, used 363762K [0x00000000a0000000, 0x00000000b7500000, 0x00000000e0000000)
  object space 381952K, 95% used [0x00000000a0000000,0x00000000b633cae0,0x00000000b7500000)
 Metaspace       used 68723K, capacity 70660K, committed 71040K, reserved 1112064K
  class space    used 8561K, capacity 9002K, committed 9088K, reserved 1048576K
}
Event: 182.117 GC heap before
{Heap before GC invocations=77 (full 10):
 PSYoungGen      total 349696K, used 26621K [0x00000000e0000000, 0x0000000100000000, 0x0000000100000000)
  eden space 175104K, 0% used [0x00000000e0000000,0x00000000e0000000,0x00000000eab00000)
  from space 174592K, 15% used [0x00000000eab00000,0x00000000ec4ff5c8,0x00000000f5580000)
  to   space 174592K, 0% used [0x00000000f5580000,0x00000000f5580000,0x0000000100000000)
 ParOldGen       total 381952K, used 363762K [0x00000000a0000000, 0x00000000b7500000, 0x00000000e0000000)
  object space 381952K, 95% used [0x00000000a0000000,0x00000000b633cae0,0x00000000b7500000)
 Metaspace       used 68723K, capacity 70660K, committed 71040K, reserved 1112064K
  class space    used 8561K, capacity 9002K, committed 9088K, reserved 1048576K

