# JRE version: OpenJDK Runtime Environment (8.0_76-b03) (build 1.8.0_76-release-b03)
# Java VM: OpenJDK 64-Bit Server VM (25.76-b03 mixed mode linux-amd64 compressed oops)
Heap:
 PSYoungGen      total 400896K, used 0K [0x00000000e0000000, 0x00000000ff680000, 0x0000000100000000)
  eden space 285696K, 0% used [0x00000000e0000000,0x00000000e0000000,0x00000000f1700000)
  from space 115200K, 0% used [0x00000000f8500000,0x00000000f8500000,0x00000000ff580000)
  to   space 112640K, 0% used [0x00000000f1700000,0x00000000f1700000,0x00000000f8500000)
 ParOldGen       total 532992K, used 414310K [0x00000000a0000000, 0x00000000c0880000, 0x00000000e0000000)
  object space 532992K, 77% used [0x00000000a0000000,0x00000000b9499b00,0x00000000c0880000)
 Metaspace       used 68764K, capacity 70728K, committed 71040K, reserved 1112064K
  class space    used 8565K, capacity 9002K, committed 9088K, reserved 1048576K
GC Heap History (10 events):
Event: 160.428 GC heap after
Heap after GC invocations=83 (full 11):
 PSYoungGen      total 381440K, used 0K [0x00000000e0000000, 0x0000000100000000, 0x0000000100000000)
  eden space 248320K, 0% used [0x00000000e0000000,0x00000000e0000000,0x00000000ef280000)
  from space 133120K, 0% used [0x00000000f6f80000,0x00000000f6f80000,0x00000000ff180000)
  to   space 128000K, 0% used [0x00000000ef280000,0x00000000ef280000,0x00000000f6f80000)
 ParOldGen       total 532992K, used 276297K [0x00000000a0000000, 0x00000000c0880000, 0x00000000e0000000)
  object space 532992K, 51% used [0x00000000a0000000,0x00000000b0dd2538,0x00000000c0880000)
 Metaspace       used 68758K, capacity 70728K, committed 71040K, reserved 1112064K
  class space    used 8565K, capacity 9002K, committed 9088K, reserved 1048576K
}
Event: 160.809 GC heap before
{Heap before GC invocations=84 (full 11):
 PSYoungGen      total 381440K, used 248320K [0x00000000e0000000, 0x0000000100000000, 0x0000000100000000)
  eden space 248320K, 100% used [0x00000000e0000000,0x00000000ef280000,0x00000000ef280000)
  from space 133120K, 0% used [0x00000000f6f80000,0x00000000f6f80000,0x00000000ff180000)
  to   space 128000K, 0% used [0x00000000ef280000,0x00000000ef280000,0x00000000f6f80000)
 ParOldGen       total 532992K, used 276297K [0x00000000a0000000, 0x00000000c0880000, 0x00000000e0000000)
  object space 532992K, 51% used [0x00000000a0000000,0x00000000b0dd2538,0x00000000c0880000)
 Metaspace       used 68760K, capacity 70728K, committed 71040K, reserved 1112064K
  class space    used 8565K, capacity 9002K, committed 9088K, reserved 1048576K
Event: 160.847 GC heap after
Heap after GC invocations=84 (full 11):
 PSYoungGen      total 376320K, used 57849K [0x00000000e0000000, 0x00000000fee00000, 0x0000000100000000)
  eden space 248320K, 0% used [0x00000000e0000000,0x00000000e0000000,0x00000000ef280000)
  from space 128000K, 45% used [0x00000000ef280000,0x00000000f2afe478,0x00000000f6f80000)
  to   space 121344K, 0% used [0x00000000f7780000,0x00000000f7780000,0x00000000fee00000)
 ParOldGen       total 532992K, used 276305K [0x00000000a0000000, 0x00000000c0880000, 0x00000000e0000000)
  object space 532992K, 51% used [0x00000000a0000000,0x00000000b0dd4538,0x00000000c0880000)
 Metaspace       used 68760K, capacity 70728K, committed 71040K, reserved 1112064K
  class space    used 8565K, capacity 9002K, committed 9088K, reserved 1048576K
}
Event: 161.105 GC heap before
{Heap before GC invocations=85 (full 11):
 PSYoungGen      total 376320K, used 306169K [0x00000000e0000000, 0x00000000fee00000, 0x0000000100000000)
  eden space 248320K, 100% used [0x00000000e0000000,0x00000000ef280000,0x00000000ef280000)
  from space 128000K, 45% used [0x00000000ef280000,0x00000000f2afe478,0x00000000f6f80000)
  to   space 121344K, 0% used [0x00000000f7780000,0x00000000f7780000,0x00000000fee00000)
 ParOldGen       total 532992K, used 276305K [0x00000000a0000000, 0x00000000c0880000, 0x00000000e0000000)
  object space 532992K, 51% used [0x00000000a0000000,0x00000000b0dd4538,0x00000000c0880000)
 Metaspace       used 68762K, capacity 70728K, committed 71040K, reserved 1112064K
  class space    used 8565K, capacity 9002K, committed 9088K, reserved 1048576K
Event: 161.191 GC heap after
Heap after GC invocations=85 (full 11):
 PSYoungGen      total 386048K, used 70793K [0x00000000e0000000, 0x00000000ff680000, 0x0000000100000000)
  eden space 264704K, 0% used [0x00000000e0000000,0x00000000e0000000,0x00000000f0280000)
  from space 121344K, 58% used [0x00000000f7780000,0x00000000fbca27f8,0x00000000fee00000)
  to   space 119808K, 0% used [0x00000000f0280000,0x00000000f0280000,0x00000000f7780000)
 ParOldGen       total 532992K, used 333544K [0x00000000a0000000, 0x00000000c0880000, 0x00000000e0000000)
  object space 532992K, 62% used [0x00000000a0000000,0x00000000b45ba2a8,0x00000000c0880000)
 Metaspace       used 68762K, capacity 70728K, committed 71040K, reserved 1112064K
  class space    used 8565K, capacity 9002K, committed 9088K, reserved 1048576K
}
Event: 161.448 GC heap before
{Heap before GC invocations=86 (full 11):
 PSYoungGen      total 386048K, used 335497K [0x00000000e0000000, 0x00000000ff680000, 0x0000000100000000)
  eden space 264704K, 100% used [0x00000000e0000000,0x00000000f0280000,0x00000000f0280000)
  from space 121344K, 58% used [0x00000000f7780000,0x00000000fbca27f8,0x00000000fee00000)
  to   space 119808K, 0% used [0x00000000f0280000,0x00000000f0280000,0x00000000f7780000)
 ParOldGen       total 532992K, used 333544K [0x00000000a0000000, 0x00000000c0880000, 0x00000000e0000000)
  object space 532992K, 62% used [0x00000000a0000000,0x00000000b45ba2a8,0x00000000c0880000)
 Metaspace       used 68763K, capacity 70728K, committed 71040K, reserved 1112064K
  class space    used 8565K, capacity 9002K, committed 9088K, reserved 1048576K
Event: 161.537 GC heap after
Heap after GC invocations=86 (full 11):
 PSYoungGen      total 384512K, used 64744K [0x00000000e0000000, 0x00000000ff580000, 0x0000000100000000)
  eden space 264704K, 0% used [0x00000000e0000000,0x00000000e0000000,0x00000000f0280000)
  from space 119808K, 54% used [0x00000000f0280000,0x00000000f41ba038,0x00000000f7780000)
  to   space 115200K, 0% used [0x00000000f8500000,0x00000000f8500000,0x00000000ff580000)
 ParOldGen       total 532992K, used 399835K [0x00000000a0000000, 0x00000000c0880000, 0x00000000e0000000)
  object space 532992K, 75% used [0x00000000a0000000,0x00000000b8676c18,0x00000000c0880000)
 Metaspace       used 68763K, capacity 70728K, committed 71040K, reserved 1112064K
  class space    used 8565K, capacity 9002K, committed 9088K, reserved 1048576K
}
Event: 161.801 GC heap before
{Heap before GC invocations=87 (full 11):
 PSYoungGen      total 384512K, used 329448K [0x00000000e0000000, 0x00000000ff580000, 0x0000000100000000)
  eden space 264704K, 100% used [0x00000000e0000000,0x00000000f0280000,0x00000000f0280000)
  from space 119808K, 54% used [0x00000000f0280000,0x00000000f41ba038,0x00000000f7780000)
  to   space 115200K, 0% used [0x00000000f8500000,0x00000000f8500000,0x00000000ff580000)
 ParOldGen       total 532992K, used 399835K [0x00000000a0000000, 0x00000000c0880000, 0x00000000e0000000)
  object space 532992K, 75% used [0x00000000a0000000,0x00000000b8676c18,0x00000000c0880000)
 Metaspace       used 68764K, capacity 70728K, committed 71040K, reserved 1112064K
  class space    used 8565K, capacity 9002K, committed 9088K, reserved 1048576K
Event: 161.895 GC heap after
Heap after GC invocations=87 (full 11):
 PSYoungGen      total 400896K, used 68078K [0x00000000e0000000, 0x00000000ff680000, 0x0000000100000000)
  eden space 285696K, 0% used [0x00000000e0000000,0x00000000e0000000,0x00000000f1700000)
  from space 115200K, 59% used [0x00000000f8500000,0x00000000fc77baa0,0x00000000ff580000)
  to   space 112640K, 0% used [0x00000000f1700000,0x00000000f1700000,0x00000000f8500000)
 ParOldGen       total 532992K, used 462148K [0x00000000a0000000, 0x00000000c0880000, 0x00000000e0000000)
  object space 532992K, 86% used [0x00000000a0000000,0x00000000bc351178,0x00000000c0880000)
 Metaspace       used 68764K, capacity 70728K, committed 71040K, reserved 1112064K
  class space    used 8565K, capacity 9002K, committed 9088K, reserved 1048576K
}
Event: 161.895 GC heap before
{Heap before GC invocations=88 (full 12):
 PSYoungGen      total 400896K, used 68078K [0x00000000e0000000, 0x00000000ff680000, 0x0000000100000000)
  eden space 285696K, 0% used [0x00000000e0000000,0x00000000e0000000,0x00000000f1700000)
  from space 115200K, 59% used [0x00000000f8500000,0x00000000fc77baa0,0x00000000ff580000)
  to   space 112640K, 0% used [0x00000000f1700000,0x00000000f1700000,0x00000000f8500000)
 ParOldGen       total 532992K, used 462148K [0x00000000a0000000, 0x00000000c0880000, 0x00000000e0000000)
  object space 532992K, 86% used [0x00000000a0000000,0x00000000bc351178,0x00000000c0880000)
 Metaspace       used 68764K, capacity 70728K, committed 71040K, reserved 1112064K
  class space    used 8565K, capacity 9002K, committed 9088K, reserved 1048576K

