# JRE version: OpenJDK Runtime Environment (8.0_76-b03) (build 1.8.0_76-release-b03)
# Java VM: OpenJDK 64-Bit Server VM (25.76-b03 mixed mode linux-amd64 compressed oops)
Heap:
 PSYoungGen      total 349696K, used 0K [0x00000000e0000000, 0x0000000100000000, 0x0000000100000000)
  eden space 175104K, 0% used [0x00000000e0000000,0x00000000e0000000,0x00000000eab00000)
  from space 174592K, 0% used [0x00000000f5580000,0x00000000f5580000,0x0000000100000000)
  to   space 174592K, 0% used [0x00000000eab00000,0x00000000eab00000,0x00000000f5580000)
 ParOldGen       total 502784K, used 334763K [0x00000000a0000000, 0x00000000beb00000, 0x00000000e0000000)
  object space 502784K, 66% used [0x00000000a0000000,0x00000000b46ead60,0x00000000beb00000)
 Metaspace       used 71710K, capacity 74320K, committed 74624K, reserved 1114112K
  class space    used 8800K, capacity 9294K, committed 9344K, reserved 1048576K
GC Heap History (10 events):
Event: 2086.898 GC heap after
Heap after GC invocations=193 (full 19):
 PSYoungGen      total 349696K, used 169362K [0x00000000e0000000, 0x0000000100000000, 0x0000000100000000)
  eden space 175104K, 0% used [0x00000000e0000000,0x00000000e0000000,0x00000000eab00000)
  from space 174592K, 97% used [0x00000000f5580000,0x00000000ffae4b80,0x0000000100000000)
  to   space 174592K, 0% used [0x00000000eab00000,0x00000000eab00000,0x00000000f5580000)
 ParOldGen       total 502784K, used 246603K [0x00000000a0000000, 0x00000000beb00000, 0x00000000e0000000)
  object space 502784K, 49% used [0x00000000a0000000,0x00000000af0d2ef8,0x00000000beb00000)
 Metaspace       used 71710K, capacity 74320K, committed 74624K, reserved 1114112K
  class space    used 8800K, capacity 9294K, committed 9344K, reserved 1048576K
}
Event: 2087.133 GC heap before
{Heap before GC invocations=194 (full 19):
 PSYoungGen      total 349696K, used 344466K [0x00000000e0000000, 0x0000000100000000, 0x0000000100000000)
  eden space 175104K, 100% used [0x00000000e0000000,0x00000000eab00000,0x00000000eab00000)
  from space 174592K, 97% used [0x00000000f5580000,0x00000000ffae4b80,0x0000000100000000)
  to   space 174592K, 0% used [0x00000000eab00000,0x00000000eab00000,0x00000000f5580000)
 ParOldGen       total 502784K, used 246603K [0x00000000a0000000, 0x00000000beb00000, 0x00000000e0000000)
  object space 502784K, 49% used [0x00000000a0000000,0x00000000af0d2ef8,0x00000000beb00000)
 Metaspace       used 71710K, capacity 74320K, committed 74624K, reserved 1114112K
  class space    used 8800K, capacity 9294K, committed 9344K, reserved 1048576K
Event: 2087.236 GC heap after
Heap after GC invocations=194 (full 19):
 PSYoungGen      total 349696K, used 174565K [0x00000000e0000000, 0x0000000100000000, 0x0000000100000000)
  eden space 175104K, 0% used [0x00000000e0000000,0x00000000e0000000,0x00000000eab00000)
  from space 174592K, 99% used [0x00000000eab00000,0x00000000f55794d8,0x00000000f5580000)
  to   space 174592K, 0% used [0x00000000f5580000,0x00000000f5580000,0x0000000100000000)
 ParOldGen       total 502784K, used 267464K [0x00000000a0000000, 0x00000000beb00000, 0x00000000e0000000)
  object space 502784K, 53% used [0x00000000a0000000,0x00000000b05320d8,0x00000000beb00000)
 Metaspace       used 71710K, capacity 74320K, committed 74624K, reserved 1114112K
  class space    used 8800K, capacity 9294K, committed 9344K, reserved 1048576K
}
Event: 2087.409 GC heap before
{Heap before GC invocations=195 (full 19):
 PSYoungGen      total 349696K, used 349669K [0x00000000e0000000, 0x0000000100000000, 0x0000000100000000)
  eden space 175104K, 100% used [0x00000000e0000000,0x00000000eab00000,0x00000000eab00000)
  from space 174592K, 99% used [0x00000000eab00000,0x00000000f55794d8,0x00000000f5580000)
  to   space 174592K, 0% used [0x00000000f5580000,0x00000000f5580000,0x0000000100000000)
 ParOldGen       total 502784K, used 267464K [0x00000000a0000000, 0x00000000beb00000, 0x00000000e0000000)
  object space 502784K, 53% used [0x00000000a0000000,0x00000000b05320d8,0x00000000beb00000)
 Metaspace       used 71710K, capacity 74320K, committed 74624K, reserved 1114112K
  class space    used 8800K, capacity 9294K, committed 9344K, reserved 1048576K
Event: 2087.509 GC heap after
Heap after GC invocations=195 (full 19):
 PSYoungGen      total 349696K, used 132783K [0x00000000e0000000, 0x0000000100000000, 0x0000000100000000)
  eden space 175104K, 0% used [0x00000000e0000000,0x00000000e0000000,0x00000000eab00000)
  from space 174592K, 76% used [0x00000000f5580000,0x00000000fd72bdb8,0x0000000100000000)
  to   space 174592K, 0% used [0x00000000eab00000,0x00000000eab00000,0x00000000f5580000)
 ParOldGen       total 502784K, used 334231K [0x00000000a0000000, 0x00000000beb00000, 0x00000000e0000000)
  object space 502784K, 66% used [0x00000000a0000000,0x00000000b4665c40,0x00000000beb00000)
 Metaspace       used 71710K, capacity 74320K, committed 74624K, reserved 1114112K
  class space    used 8800K, capacity 9294K, committed 9344K, reserved 1048576K
}
Event: 2087.769 GC heap before
{Heap before GC invocations=196 (full 19):
 PSYoungGen      total 349696K, used 307887K [0x00000000e0000000, 0x0000000100000000, 0x0000000100000000)
  eden space 175104K, 100% used [0x00000000e0000000,0x00000000eab00000,0x00000000eab00000)
  from space 174592K, 76% used [0x00000000f5580000,0x00000000fd72bdb8,0x0000000100000000)
  to   space 174592K, 0% used [0x00000000eab00000,0x00000000eab00000,0x00000000f5580000)
 ParOldGen       total 502784K, used 334231K [0x00000000a0000000, 0x00000000beb00000, 0x00000000e0000000)
  object space 502784K, 66% used [0x00000000a0000000,0x00000000b4665c40,0x00000000beb00000)
 Metaspace       used 71710K, capacity 74320K, committed 74624K, reserved 1114112K
  class space    used 8800K, capacity 9294K, committed 9344K, reserved 1048576K
Event: 2087.855 GC heap after
Heap after GC invocations=196 (full 19):
 PSYoungGen      total 349696K, used 111122K [0x00000000e0000000, 0x0000000100000000, 0x0000000100000000)
  eden space 175104K, 0% used [0x00000000e0000000,0x00000000e0000000,0x00000000eab00000)
  from space 174592K, 63% used [0x00000000eab00000,0x00000000f17848f8,0x00000000f5580000)
  to   space 174592K, 0% used [0x00000000f5580000,0x00000000f5580000,0x0000000100000000)
 ParOldGen       total 502784K, used 387037K [0x00000000a0000000, 0x00000000beb00000, 0x00000000e0000000)
  object space 502784K, 76% used [0x00000000a0000000,0x00000000b79f7718,0x00000000beb00000)
 Metaspace       used 71710K, capacity 74320K, committed 74624K, reserved 1114112K
  class space    used 8800K, capacity 9294K, committed 9344K, reserved 1048576K
}
Event: 2088.018 GC heap before
{Heap before GC invocations=197 (full 19):
 PSYoungGen      total 349696K, used 286226K [0x00000000e0000000, 0x0000000100000000, 0x0000000100000000)
  eden space 175104K, 100% used [0x00000000e0000000,0x00000000eab00000,0x00000000eab00000)
  from space 174592K, 63% used [0x00000000eab00000,0x00000000f17848f8,0x00000000f5580000)
  to   space 174592K, 0% used [0x00000000f5580000,0x00000000f5580000,0x0000000100000000)
 ParOldGen       total 502784K, used 387037K [0x00000000a0000000, 0x00000000beb00000, 0x00000000e0000000)
  object space 502784K, 76% used [0x00000000a0000000,0x00000000b79f7718,0x00000000beb00000)
 Metaspace       used 71710K, capacity 74320K, committed 74624K, reserved 1114112K
  class space    used 8800K, capacity 9294K, committed 9344K, reserved 1048576K
Event: 2088.111 GC heap after
Heap after GC invocations=197 (full 19):
 PSYoungGen      total 349696K, used 119232K [0x00000000e0000000, 0x0000000100000000, 0x0000000100000000)
  eden space 175104K, 0% used [0x00000000e0000000,0x00000000e0000000,0x00000000eab00000)
  from space 174592K, 68% used [0x00000000f5580000,0x00000000fc9f0188,0x0000000100000000)
  to   space 174592K, 0% used [0x00000000eab00000,0x00000000eab00000,0x00000000f5580000)
 ParOldGen       total 502784K, used 432051K [0x00000000a0000000, 0x00000000beb00000, 0x00000000e0000000)
  object space 502784K, 85% used [0x00000000a0000000,0x00000000ba5ecda0,0x00000000beb00000)
 Metaspace       used 71710K, capacity 74320K, committed 74624K, reserved 1114112K
  class space    used 8800K, capacity 9294K, committed 9344K, reserved 1048576K
}
Event: 2088.127 GC heap before
{Heap before GC invocations=198 (full 20):
 PSYoungGen      total 349696K, used 119232K [0x00000000e0000000, 0x0000000100000000, 0x0000000100000000)
  eden space 175104K, 0% used [0x00000000e0000000,0x00000000e0000000,0x00000000eab00000)
  from space 174592K, 68% used [0x00000000f5580000,0x00000000fc9f0188,0x0000000100000000)
  to   space 174592K, 0% used [0x00000000eab00000,0x00000000eab00000,0x00000000f5580000)
 ParOldGen       total 502784K, used 432051K [0x00000000a0000000, 0x00000000beb00000, 0x00000000e0000000)
  object space 502784K, 85% used [0x00000000a0000000,0x00000000ba5ecda0,0x00000000beb00000)
 Metaspace       used 71710K, capacity 74320K, committed 74624K, reserved 1114112K
  class space    used 8800K, capacity 9294K, committed 9344K, reserved 1048576K

